<?xml version="1.0" encoding="UTF-8"?>
<!-- Generated by org.testng.reporters.JUnitReportReporter -->
<testsuite hostname="DESKTOP-30KRDBB" failures="0" tests="1" name="git.Browser_Open" time="5.793" errors="0" timestamp="2025-07-09T15:37:46 IST" skipped="0">
  <testcase classname="git.Browser_Open" name="browser_open" time="5.793"/>
</testsuite> <!-- git.Browser_Open -->
